<?xml version="1.0" encoding="UTF-8"?>
<!-- Generated by org.testng.reporters.JUnitReportReporter -->
<testsuite hostname="DESKTOP-Q3N402C" failures="0" tests="2" name="com.mszeles.selenium.framework.CucumberTestRunner" time="26.605" errors="0" timestamp="2021-10-25T17:57:56 CEST" skipped="0">
  <testcase classname="com.mszeles.selenium.framework.CucumberTestRunner" name="runScenario" time="13.180"/>
  <system-out/>
  <testcase classname="com.mszeles.selenium.framework.CucumberTestRunner" name="runScenario" time="13.425"/>
  <system-out/>
</testsuite> <!-- com.mszeles.selenium.framework.CucumberTestRunner -->
