<?xml version="1.0" encoding="UTF-8"?>
<!-- Generated by org.testng.reporters.JUnitReportReporter -->
<testsuite hostname="DESKTOP-Q3N402C" failures="0" tests="4" name="com.mszeles.selenium.HomePage" time="48.091" errors="0" timestamp="2021-10-15T11:51:57 CEST" skipped="0">
  <testcase classname="com.mszeles.selenium.HomePage" name="basePageNavigation" time="6.495"/>
  <system-out/>
  <testcase classname="com.mszeles.selenium.HomePage" name="basePageNavigation" time="14.193"/>
  <system-out/>
  <testcase classname="com.mszeles.selenium.HomePage" name="checkSubtitle" time="15.007"/>
  <system-out/>
  <testcase classname="com.mszeles.selenium.HomePage" name="forgotPassword" time="12.396"/>
  <system-out/>
</testsuite> <!-- com.mszeles.selenium.HomePage -->
