<?xml version="1.0" encoding="UTF-8"?>
<!-- Generated by org.testng.reporters.JUnitReportReporter -->
<testsuite hostname="DESKTOP-Q3N402C" failures="0" tests="3" name="com.mszeles.selenium.HomePage" time="42.562" errors="0" timestamp="2021-10-15T11:13:06 CEST" skipped="0">
  <testcase classname="com.mszeles.selenium.HomePage" name="forgotPassword" time="13.424"/>
  <system-out/>
  <testcase classname="com.mszeles.selenium.HomePage" name="basePageNavigation" time="14.893"/>
  <system-out/>
  <testcase classname="com.mszeles.selenium.HomePage" name="basePageNavigation" time="14.245"/>
  <system-out/>
</testsuite> <!-- com.mszeles.selenium.HomePage -->
